<?xml version="1.0" ?>
<!DOCTYPE coverage SYSTEM "http://cobertura.sourceforge.net/xml/coverage-04.dtd">
<coverage lines-valid="55" lines-covered="37" line-rate="0.6727" branches-valid="39" branches-covered="26" branch-rate="0.6666" timestamp="1715198901097" complexity="0" version="0.1">
  <sources>
    <source>C:\Users\Noureddin\Desktop\edp-calculadora</source>
  </sources>
  <packages>
    <package name="main" line-rate="0.6727" branch-rate="0.6666">
      <classes>
        <class name="model.js" filename="js\model.js" line-rate="0.617" branch-rate="0.5806">
          <methods>
            <method name="(anonymous_0)" hits="8" signature="()V">
              <lines>
                <line number="7" hits="8"/>
              </lines>
            </method>
            <method name="(anonymous_1)" hits="16" signature="()V">
              <lines>
                <line number="15" hits="16"/>
              </lines>
            </method>
            <method name="(anonymous_2)" hits="0" signature="()V">
              <lines>
                <line number="39" hits="0"/>
              </lines>
            </method>
            <method name="(anonymous_3)" hits="7" signature="()V">
              <lines>
                <line number="63" hits="7"/>
              </lines>
            </method>
            <method name="(anonymous_4)" hits="1" signature="()V">
              <lines>
                <line number="109" hits="1"/>
              </lines>
            </method>
          </methods>
          <lines>
            <line number="9" hits="8" branch="false"/>
            <line number="10" hits="8" branch="false"/>
            <line number="11" hits="8" branch="false"/>
            <line number="17" hits="16" branch="true" condition-coverage="100% (2/2)"/>
            <line number="19" hits="8" branch="true" condition-coverage="100% (2/2)"/>
            <line number="20" hits="7" branch="false"/>
            <line number="23" hits="1" branch="false"/>
            <line number="25" hits="8" branch="false"/>
            <line number="28" hits="8" branch="true" condition-coverage="100% (2/2)"/>
            <line number="29" hits="7" branch="false"/>
            <line number="32" hits="1" branch="false"/>
            <line number="34" hits="8" branch="false"/>
            <line number="41" hits="0" branch="true" condition-coverage="0% (0/2)"/>
            <line number="43" hits="0" branch="true" condition-coverage="0% (0/2)"/>
            <line number="44" hits="0" branch="false"/>
            <line number="46" hits="0" branch="true" condition-coverage="0% (0/2)"/>
            <line number="47" hits="0" branch="false"/>
            <line number="49" hits="0" branch="false"/>
            <line number="52" hits="0" branch="true" condition-coverage="0% (0/2)"/>
            <line number="53" hits="0" branch="false"/>
            <line number="55" hits="0" branch="true" condition-coverage="0% (0/2)"/>
            <line number="56" hits="0" branch="false"/>
            <line number="58" hits="0" branch="false"/>
            <line number="65" hits="7" branch="true" condition-coverage="80% (4/5)"/>
            <line number="67" hits="0" branch="false"/>
            <line number="68" hits="0" branch="false"/>
            <line number="70" hits="0" branch="false"/>
            <line number="74" hits="7" branch="true" condition-coverage="60% (3/5)"/>
            <line number="76" hits="0" branch="false"/>
            <line number="77" hits="0" branch="false"/>
            <line number="78" hits="0" branch="false"/>
            <line number="80" hits="0" branch="false"/>
            <line number="84" hits="7" branch="true" condition-coverage="100% (5/5)"/>
            <line number="86" hits="1" branch="false"/>
            <line number="87" hits="1" branch="false"/>
            <line number="88" hits="1" branch="false"/>
            <line number="90" hits="1" branch="false"/>
            <line number="94" hits="6" branch="false"/>
            <line number="95" hits="6" branch="false"/>
            <line number="98" hits="6" branch="false"/>
            <line number="101" hits="6" branch="false"/>
            <line number="102" hits="6" branch="false"/>
            <line number="103" hits="6" branch="false"/>
            <line number="105" hits="6" branch="false"/>
            <line number="111" hits="1" branch="false"/>
            <line number="112" hits="1" branch="false"/>
            <line number="113" hits="1" branch="false"/>
          </lines>
        </class>
        <class name="utils.js" filename="js\utils.js" line-rate="1" branch-rate="1">
          <methods>
            <method name="calculate" hits="11" signature="()V">
              <lines>
                <line number="1" hits="11"/>
              </lines>
            </method>
          </methods>
          <lines>
            <line number="2" hits="11" branch="true" condition-coverage="100% (2/2)"/>
            <line number="3" hits="3" branch="false"/>
            <line number="5" hits="8" branch="true" condition-coverage="100% (2/2)"/>
            <line number="6" hits="2" branch="false"/>
            <line number="8" hits="6" branch="true" condition-coverage="100% (2/2)"/>
            <line number="9" hits="2" branch="false"/>
            <line number="11" hits="4" branch="true" condition-coverage="100% (2/2)"/>
            <line number="12" hits="2" branch="false"/>
          </lines>
        </class>
      </classes>
    </package>
  </packages>
</coverage>
